# JRE version: Java(TM) SE Runtime Environment (21.0.1+12) (build 21.0.1+12-LTS-29)
# Java VM: Java HotSpot(TM) 64-Bit Server VM (21.0.1+12-LTS-29, mixed mode, emulated-client, sharing, tiered, compressed oops, compressed class ptrs, g1 gc, windows-amd64)
GC Precious Log:
 CardTable entry size: 512
 Card Set container configuration: InlinePtr #cards 5 size 8 Array Of Cards #cards 12 size 40 Howl #buckets 4 coarsen threshold 1843 Howl Bitmap #cards 512 size 80 coarsen threshold 460 Card regions per heap region 1 cards per card region 2048
 CPUs: 4 total, 4 available
 Memory: 8083M
 Large Page Support: Disabled
 NUMA Support: Disabled
 Compressed Oops: Enabled (32-bit)
 Heap Region Size: 1M
 Heap Min Capacity: 8M
 Heap Initial Capacity: 128M
 Heap Max Capacity: 2022M
 Pre-touch: Disabled
 Parallel Workers: 4
 Concurrent Workers: 1
 Concurrent Refinement Workers: 4
 Periodic GC: Disabled
Heap:
 garbage-first heap   total 75776K, used 36038K [0x0000000081a00000, 0x0000000100000000)
  region size 1024K, 7 young (7168K), 4 survivors (4096K)
 Metaspace       used 60572K, committed 61248K, reserved 1114112K
  class space    used 8712K, committed 9024K, reserved 1048576K
GC Heap History (20 events):
Event: 1.969 GC heap before
{Heap before GC invocations=1 (full 0):
 garbage-first heap   total 131072K, used 20329K [0x0000000081a00000, 0x0000000100000000)
  region size 1024K, 10 young (10240K), 2 survivors (2048K)
 Metaspace       used 4453K, committed 4672K, reserved 1114112K
  class space    used 518K, committed 640K, reserved 1048576K
}
Event: 1.975 GC heap after
{Heap after GC invocations=2 (full 0):
 garbage-first heap   total 131072K, used 14132K [0x0000000081a00000, 0x0000000100000000)
  region size 1024K, 2 young (2048K), 2 survivors (2048K)
 Metaspace       used 4453K, committed 4672K, reserved 1114112K
  class space    used 518K, committed 640K, reserved 1048576K
}
Event: 3.116 GC heap before
{Heap before GC invocations=2 (full 0):
 garbage-first heap   total 131072K, used 30516K [0x0000000081a00000, 0x0000000100000000)
  region size 1024K, 18 young (18432K), 2 survivors (2048K)
 Metaspace       used 9516K, committed 9856K, reserved 1114112K
  class space    used 1197K, committed 1344K, reserved 1048576K
}
Event: 3.124 GC heap after
{Heap after GC invocations=3 (full 0):
 garbage-first heap   total 131072K, used 15535K [0x0000000081a00000, 0x0000000100000000)
  region size 1024K, 2 young (2048K), 2 survivors (2048K)
 Metaspace       used 9516K, committed 9856K, reserved 1114112K
  class space    used 1197K, committed 1344K, reserved 1048576K
}
Event: 5.374 GC heap before
{Heap before GC invocations=3 (full 0):
 garbage-first heap   total 131072K, used 71855K [0x0000000081a00000, 0x0000000100000000)
  region size 1024K, 59 young (60416K), 2 survivors (2048K)
 Metaspace       used 21097K, committed 21568K, reserved 1114112K
  class space    used 2841K, committed 3072K, reserved 1048576K
}
Event: 5.386 GC heap after
{Heap after GC invocations=4 (full 0):
 garbage-first heap   total 131072K, used 20211K [0x0000000081a00000, 0x0000000100000000)
  region size 1024K, 6 young (6144K), 6 survivors (6144K)
 Metaspace       used 21097K, committed 21568K, reserved 1114112K
  class space    used 2841K, committed 3072K, reserved 1048576K
}
Event: 6.459 GC heap before
{Heap before GC invocations=5 (full 0):
 garbage-first heap   total 75776K, used 59123K [0x0000000081a00000, 0x0000000100000000)
  region size 1024K, 44 young (45056K), 6 survivors (6144K)
 Metaspace       used 25900K, committed 26368K, reserved 1114112K
  class space    used 3520K, committed 3712K, reserved 1048576K
}
Event: 6.477 GC heap after
{Heap after GC invocations=6 (full 0):
 garbage-first heap   total 75776K, used 22954K [0x0000000081a00000, 0x0000000100000000)
  region size 1024K, 4 young (4096K), 4 survivors (4096K)
 Metaspace       used 25900K, committed 26368K, reserved 1114112K
  class space    used 3520K, committed 3712K, reserved 1048576K
}
Event: 8.194 GC heap before
{Heap before GC invocations=6 (full 0):
 garbage-first heap   total 75776K, used 57770K [0x0000000081a00000, 0x0000000100000000)
  region size 1024K, 38 young (38912K), 4 survivors (4096K)
 Metaspace       used 30934K, committed 31424K, reserved 1114112K
  class space    used 4341K, committed 4544K, reserved 1048576K
}
Event: 8.212 GC heap after
{Heap after GC invocations=7 (full 0):
 garbage-first heap   total 75776K, used 25625K [0x0000000081a00000, 0x0000000100000000)
  region size 1024K, 3 young (3072K), 3 survivors (3072K)
 Metaspace       used 30934K, committed 31424K, reserved 1114112K
  class space    used 4341K, committed 4544K, reserved 1048576K
}
Event: 9.714 GC heap before
{Heap before GC invocations=7 (full 0):
 garbage-first heap   total 75776K, used 61465K [0x0000000081a00000, 0x0000000100000000)
  region size 1024K, 37 young (37888K), 3 survivors (3072K)
 Metaspace       used 35712K, committed 36288K, reserved 1114112K
  class space    used 5033K, committed 5312K, reserved 1048576K
}
Event: 9.729 GC heap after
{Heap after GC invocations=8 (full 0):
 garbage-first heap   total 75776K, used 28392K [0x0000000081a00000, 0x0000000100000000)
  region size 1024K, 5 young (5120K), 5 survivors (5120K)
 Metaspace       used 35712K, committed 36288K, reserved 1114112K
  class space    used 5033K, committed 5312K, reserved 1048576K
}
Event: 9.782 GC heap before
{Heap before GC invocations=8 (full 0):
 garbage-first heap   total 75776K, used 29416K [0x0000000081a00000, 0x0000000100000000)
  region size 1024K, 7 young (7168K), 5 survivors (5120K)
 Metaspace       used 35875K, committed 36480K, reserved 1114112K
  class space    used 5063K, committed 5376K, reserved 1048576K
}
Event: 9.791 GC heap after
{Heap after GC invocations=9 (full 0):
 garbage-first heap   total 75776K, used 29228K [0x0000000081a00000, 0x0000000100000000)
  region size 1024K, 1 young (1024K), 1 survivors (1024K)
 Metaspace       used 35875K, committed 36480K, reserved 1114112K
  class space    used 5063K, committed 5376K, reserved 1048576K
}
Event: 11.653 GC heap before
{Heap before GC invocations=10 (full 0):
 garbage-first heap   total 75776K, used 64044K [0x0000000081a00000, 0x0000000100000000)
  region size 1024K, 35 young (35840K), 1 survivors (1024K)
 Metaspace       used 43819K, committed 44416K, reserved 1114112K
  class space    used 6164K, committed 6400K, reserved 1048576K
}
Event: 11.658 GC heap after
{Heap after GC invocations=11 (full 0):
 garbage-first heap   total 75776K, used 30890K [0x0000000081a00000, 0x0000000100000000)
  region size 1024K, 3 young (3072K), 3 survivors (3072K)
 Metaspace       used 43819K, committed 44416K, reserved 1114112K
  class space    used 6164K, committed 6400K, reserved 1048576K
}
Event: 13.076 GC heap before
{Heap before GC invocations=11 (full 0):
 garbage-first heap   total 75776K, used 64682K [0x0000000081a00000, 0x0000000100000000)
  region size 1024K, 36 young (36864K), 3 survivors (3072K)
 Metaspace       used 51719K, committed 52416K, reserved 1114112K
  class space    used 7297K, committed 7616K, reserved 1048576K
}
Event: 13.084 GC heap after
{Heap after GC invocations=12 (full 0):
 garbage-first heap   total 75776K, used 32083K [0x0000000081a00000, 0x0000000100000000)
  region size 1024K, 4 young (4096K), 4 survivors (4096K)
 Metaspace       used 51719K, committed 52416K, reserved 1114112K
  class space    used 7297K, committed 7616K, reserved 1048576K
}
Event: 14.388 GC heap before
{Heap before GC invocations=12 (full 0):
 garbage-first heap   total 75776K, used 61779K [0x0000000081a00000, 0x0000000100000000)
  region size 1024K, 35 young (35840K), 4 survivors (4096K)
 Metaspace       used 60346K, committed 61056K, reserved 1114112K
  class space    used 8691K, committed 9024K, reserved 1048576K
}
Event: 14.399 GC heap after
{Heap after GC invocations=13 (full 0):
 garbage-first heap   total 75776K, used 33990K [0x0000000081a00000, 0x0000000100000000)
  region size 1024K, 4 young (4096K), 4 survivors (4096K)
 Metaspace       used 60346K, committed 61056K, reserved 1114112K
  class space    used 8691K, committed 9024K, reserved 1048576K
}

