# JRE version: Java(TM) SE Runtime Environment (21.0.1+12) (build 21.0.1+12-LTS-29)
# Java VM: Java HotSpot(TM) 64-Bit Server VM (21.0.1+12-LTS-29, mixed mode, emulated-client, sharing, tiered, compressed oops, compressed class ptrs, g1 gc, windows-amd64)
GC Precious Log:
 CardTable entry size: 512
 Card Set container configuration: InlinePtr #cards 5 size 8 Array Of Cards #cards 12 size 40 Howl #buckets 4 coarsen threshold 1843 Howl Bitmap #cards 512 size 80 coarsen threshold 460 Card regions per heap region 1 cards per card region 2048
 CPUs: 4 total, 4 available
 Memory: 8083M
 Large Page Support: Disabled
 NUMA Support: Disabled
 Compressed Oops: Enabled (32-bit)
 Heap Region Size: 1M
 Heap Min Capacity: 8M
 Heap Initial Capacity: 128M
 Heap Max Capacity: 2022M
 Pre-touch: Disabled
 Parallel Workers: 4
 Concurrent Workers: 1
 Concurrent Refinement Workers: 4
 Periodic GC: Disabled
Heap:
 garbage-first heap   total 73728K, used 65125K [0x0000000081a00000, 0x0000000100000000)
  region size 1024K, 36 young (36864K), 1 survivors (1024K)
 Metaspace       used 47921K, committed 48896K, reserved 1114112K
  class space    used 6824K, committed 7232K, reserved 1048576K
GC Heap History (20 events):
Event: 5.163 GC heap after
{Heap after GC invocations=6 (full 0):
 garbage-first heap   total 61440K, used 17107K [0x0000000081a00000, 0x0000000100000000)
  region size 1024K, 3 young (3072K), 3 survivors (3072K)
 Metaspace       used 24077K, committed 24448K, reserved 1114112K
  class space    used 3288K, committed 3456K, reserved 1048576K
}
Event: 6.458 GC heap before
{Heap before GC invocations=6 (full 0):
 garbage-first heap   total 61440K, used 46803K [0x0000000081a00000, 0x0000000100000000)
  region size 1024K, 32 young (32768K), 3 survivors (3072K)
 Metaspace       used 29677K, committed 30144K, reserved 1114112K
  class space    used 4145K, committed 4352K, reserved 1048576K
}
Event: 6.471 GC heap after
{Heap after GC invocations=7 (full 0):
 garbage-first heap   total 61440K, used 19325K [0x0000000081a00000, 0x0000000100000000)
  region size 1024K, 3 young (3072K), 3 survivors (3072K)
 Metaspace       used 29677K, committed 30144K, reserved 1114112K
  class space    used 4145K, committed 4352K, reserved 1048576K
}
Event: 7.533 GC heap before
{Heap before GC invocations=7 (full 0):
 garbage-first heap   total 61440K, used 49021K [0x0000000081a00000, 0x0000000100000000)
  region size 1024K, 32 young (32768K), 3 survivors (3072K)
 Metaspace       used 34673K, committed 35264K, reserved 1114112K
  class space    used 4894K, committed 5184K, reserved 1048576K
}
Event: 7.547 GC heap after
{Heap after GC invocations=8 (full 0):
 garbage-first heap   total 61440K, used 21449K [0x0000000081a00000, 0x0000000100000000)
  region size 1024K, 3 young (3072K), 3 survivors (3072K)
 Metaspace       used 34673K, committed 35264K, reserved 1114112K
  class space    used 4894K, committed 5184K, reserved 1048576K
}
Event: 7.896 GC heap before
{Heap before GC invocations=8 (full 0):
 garbage-first heap   total 61440K, used 33737K [0x0000000081a00000, 0x0000000100000000)
  region size 1024K, 16 young (16384K), 3 survivors (3072K)
 Metaspace       used 35800K, committed 36288K, reserved 1114112K
  class space    used 5077K, committed 5312K, reserved 1048576K
}
Event: 7.907 GC heap after
{Heap after GC invocations=9 (full 0):
 garbage-first heap   total 73728K, used 22197K [0x0000000081a00000, 0x0000000100000000)
  region size 1024K, 1 young (1024K), 1 survivors (1024K)
 Metaspace       used 35800K, committed 36288K, reserved 1114112K
  class space    used 5077K, committed 5312K, reserved 1048576K
}
Event: 9.577 GC heap before
{Heap before GC invocations=10 (full 0):
 garbage-first heap   total 73728K, used 61109K [0x0000000081a00000, 0x0000000100000000)
  region size 1024K, 40 young (40960K), 1 survivors (1024K)
 Metaspace       used 41374K, committed 42048K, reserved 1114112K
  class space    used 5896K, committed 6208K, reserved 1048576K
}
Event: 9.594 GC heap after
{Heap after GC invocations=11 (full 0):
 garbage-first heap   total 73728K, used 26624K [0x0000000081a00000, 0x0000000100000000)
  region size 1024K, 5 young (5120K), 5 survivors (5120K)
 Metaspace       used 41374K, committed 42048K, reserved 1114112K
  class space    used 5896K, committed 6208K, reserved 1048576K
}
Event: 130.253 GC heap before
{Heap before GC invocations=11 (full 0):
 garbage-first heap   total 73728K, used 62464K [0x0000000081a00000, 0x0000000100000000)
  region size 1024K, 41 young (41984K), 5 survivors (5120K)
 Metaspace       used 47416K, committed 48064K, reserved 1114112K
  class space    used 6788K, committed 7104K, reserved 1048576K
}
Event: 130.269 GC heap after
{Heap after GC invocations=12 (full 0):
 garbage-first heap   total 73728K, used 28838K [0x0000000081a00000, 0x0000000100000000)
  region size 1024K, 3 young (3072K), 3 survivors (3072K)
 Metaspace       used 47416K, committed 48064K, reserved 1114112K
  class space    used 6788K, committed 7104K, reserved 1048576K
}
Event: 520.660 GC heap before
{Heap before GC invocations=12 (full 0):
 garbage-first heap   total 73728K, used 62630K [0x0000000081a00000, 0x0000000100000000)
  region size 1024K, 37 young (37888K), 3 survivors (3072K)
 Metaspace       used 47425K, committed 48128K, reserved 1114112K
  class space    used 6790K, committed 7104K, reserved 1048576K
}
Event: 520.667 GC heap after
{Heap after GC invocations=13 (full 0):
 garbage-first heap   total 73728K, used 28487K [0x0000000081a00000, 0x0000000100000000)
  region size 1024K, 3 young (3072K), 3 survivors (3072K)
 Metaspace       used 47425K, committed 48128K, reserved 1114112K
  class space    used 6790K, committed 7104K, reserved 1048576K
}
Event: 911.373 GC heap before
{Heap before GC invocations=13 (full 0):
 garbage-first heap   total 73728K, used 64327K [0x0000000081a00000, 0x0000000100000000)
  region size 1024K, 38 young (38912K), 3 survivors (3072K)
 Metaspace       used 47431K, committed 48128K, reserved 1114112K
  class space    used 6792K, committed 7104K, reserved 1048576K
}
Event: 911.381 GC heap after
{Heap after GC invocations=14 (full 0):
 garbage-first heap   total 73728K, used 28655K [0x0000000081a00000, 0x0000000100000000)
  region size 1024K, 3 young (3072K), 3 survivors (3072K)
 Metaspace       used 47431K, committed 48128K, reserved 1114112K
  class space    used 6792K, committed 7104K, reserved 1048576K
}
Event: 1363.422 GC heap before
{Heap before GC invocations=14 (full 0):
 garbage-first heap   total 73728K, used 47087K [0x0000000081a00000, 0x0000000100000000)
  region size 1024K, 22 young (22528K), 3 survivors (3072K)
 Metaspace       used 48189K, committed 48896K, reserved 1114112K
  class space    used 6897K, committed 7232K, reserved 1048576K
}
Event: 1363.476 GC heap after
{Heap after GC invocations=15 (full 0):
 garbage-first heap   total 73728K, used 29099K [0x0000000081a00000, 0x0000000100000000)
  region size 1024K, 3 young (3072K), 3 survivors (3072K)
 Metaspace       used 48189K, committed 48896K, reserved 1114112K
  class space    used 6897K, committed 7232K, reserved 1048576K
}
Event: 4760.432 GC heap before
{Heap before GC invocations=16 (full 0):
 garbage-first heap   total 73728K, used 64939K [0x0000000081a00000, 0x0000000100000000)
  region size 1024K, 38 young (38912K), 3 survivors (3072K)
 Metaspace       used 47911K, committed 48896K, reserved 1114112K
  class space    used 6822K, committed 7232K, reserved 1048576K
}
Event: 4760.503 GC heap after
{Heap after GC invocations=17 (full 0):
 garbage-first heap   total 73728K, used 29285K [0x0000000081a00000, 0x0000000100000000)
  region size 1024K, 2 young (2048K), 2 survivors (2048K)
 Metaspace       used 47911K, committed 48896K, reserved 1114112K
  class space    used 6822K, committed 7232K, reserved 1048576K
}
Event: 7044.631 GC heap before
{Heap before GC invocations=17 (full 0):
 garbage-first heap   total 73728K, used 65125K [0x0000000081a00000, 0x0000000100000000)
  region size 1024K, 37 young (37888K), 2 survivors (2048K)
 Metaspace       used 47921K, committed 48896K, reserved 1114112K
  class space    used 6824K, committed 7232K, reserved 1048576K
}

