# JRE version: Java(TM) SE Runtime Environment (21.0.1+12) (build 21.0.1+12-LTS-29)
# Java VM: Java HotSpot(TM) 64-Bit Server VM (21.0.1+12-LTS-29, mixed mode, sharing, tiered, compressed oops, compressed class ptrs, g1 gc, windows-amd64)
GC Precious Log:
 CardTable entry size: 512
 Card Set container configuration: InlinePtr #cards 5 size 8 Array Of Cards #cards 12 size 40 Howl #buckets 4 coarsen threshold 1843 Howl Bitmap #cards 512 size 80 coarsen threshold 460 Card regions per heap region 1 cards per card region 2048
 CPUs: 4 total, 4 available
 Memory: 8083M
 Large Page Support: Disabled
 NUMA Support: Disabled
 Compressed Oops: Enabled (32-bit)
 Heap Region Size: 1M
 Heap Min Capacity: 8M
 Heap Initial Capacity: 128M
 Heap Max Capacity: 2022M
 Pre-touch: Disabled
 Parallel Workers: 4
 Concurrent Workers: 1
 Concurrent Refinement Workers: 4
 Periodic GC: Disabled
Heap:
 garbage-first heap   total 82944K, used 45378K [0x0000000081a00000, 0x0000000100000000)
  region size 1024K, 10 young (10240K), 5 survivors (5120K)
 Metaspace       used 80521K, committed 81216K, reserved 1179648K
  class space    used 11154K, committed 11456K, reserved 1048576K
GC Heap History (20 events):
Event: 9.205 GC heap before
{Heap before GC invocations=6 (full 0):
 garbage-first heap   total 68608K, used 50734K [0x0000000081a00000, 0x0000000100000000)
  region size 1024K, 34 young (34816K), 4 survivors (4096K)
 Metaspace       used 31065K, committed 31488K, reserved 1114112K
  class space    used 4085K, committed 4288K, reserved 1048576K
}
Event: 9.218 GC heap after
{Heap after GC invocations=7 (full 0):
 garbage-first heap   total 68608K, used 22130K [0x0000000081a00000, 0x0000000100000000)
  region size 1024K, 3 young (3072K), 3 survivors (3072K)
 Metaspace       used 31065K, committed 31488K, reserved 1114112K
  class space    used 4085K, committed 4288K, reserved 1048576K
}
Event: 11.095 GC heap before
{Heap before GC invocations=7 (full 0):
 garbage-first heap   total 68608K, used 53874K [0x0000000081a00000, 0x0000000100000000)
  region size 1024K, 35 young (35840K), 3 survivors (3072K)
 Metaspace       used 35301K, committed 35712K, reserved 1114112K
  class space    used 4739K, committed 4928K, reserved 1048576K
}
Event: 11.125 GC heap after
{Heap after GC invocations=8 (full 0):
 garbage-first heap   total 68608K, used 24874K [0x0000000081a00000, 0x0000000100000000)
  region size 1024K, 5 young (5120K), 5 survivors (5120K)
 Metaspace       used 35301K, committed 35712K, reserved 1114112K
  class space    used 4739K, committed 4928K, reserved 1048576K
}
Event: 11.283 GC heap before
{Heap before GC invocations=8 (full 0):
 garbage-first heap   total 68608K, used 25898K [0x0000000081a00000, 0x0000000100000000)
  region size 1024K, 7 young (7168K), 5 survivors (5120K)
 Metaspace       used 35473K, committed 35968K, reserved 1114112K
  class space    used 4774K, committed 4992K, reserved 1048576K
}
Event: 11.300 GC heap after
{Heap after GC invocations=9 (full 0):
 garbage-first heap   total 68608K, used 25818K [0x0000000081a00000, 0x0000000100000000)
  region size 1024K, 1 young (1024K), 1 survivors (1024K)
 Metaspace       used 35473K, committed 35968K, reserved 1114112K
  class space    used 4774K, committed 4992K, reserved 1048576K
}
Event: 13.552 GC heap before
{Heap before GC invocations=10 (full 0):
 garbage-first heap   total 68608K, used 57562K [0x0000000081a00000, 0x0000000100000000)
  region size 1024K, 32 young (32768K), 1 survivors (1024K)
 Metaspace       used 43384K, committed 43904K, reserved 1114112K
  class space    used 5979K, committed 6208K, reserved 1048576K
}
Event: 13.559 GC heap after
{Heap after GC invocations=11 (full 0):
 garbage-first heap   total 68608K, used 26983K [0x0000000081a00000, 0x0000000100000000)
  region size 1024K, 2 young (2048K), 2 survivors (2048K)
 Metaspace       used 43384K, committed 43904K, reserved 1114112K
  class space    used 5979K, committed 6208K, reserved 1048576K
}
Event: 15.794 GC heap before
{Heap before GC invocations=11 (full 0):
 garbage-first heap   total 68608K, used 58727K [0x0000000081a00000, 0x0000000100000000)
  region size 1024K, 33 young (33792K), 2 survivors (2048K)
 Metaspace       used 51440K, committed 51968K, reserved 1114112K
  class space    used 6980K, committed 7232K, reserved 1048576K
}
Event: 15.808 GC heap after
{Heap after GC invocations=12 (full 0):
 garbage-first heap   total 68608K, used 28613K [0x0000000081a00000, 0x0000000100000000)
  region size 1024K, 4 young (4096K), 4 survivors (4096K)
 Metaspace       used 51440K, committed 51968K, reserved 1114112K
  class space    used 6980K, committed 7232K, reserved 1048576K
}
Event: 17.779 GC heap before
{Heap before GC invocations=12 (full 0):
 garbage-first heap   total 68608K, used 55237K [0x0000000081a00000, 0x0000000100000000)
  region size 1024K, 32 young (32768K), 4 survivors (4096K)
 Metaspace       used 59560K, committed 60096K, reserved 1114112K
  class space    used 8322K, committed 8576K, reserved 1048576K
}
Event: 17.795 GC heap after
{Heap after GC invocations=13 (full 0):
 garbage-first heap   total 68608K, used 29575K [0x0000000081a00000, 0x0000000100000000)
  region size 1024K, 3 young (3072K), 3 survivors (3072K)
 Metaspace       used 59560K, committed 60096K, reserved 1114112K
  class space    used 8322K, committed 8576K, reserved 1048576K
}
Event: 19.752 GC heap before
{Heap before GC invocations=14 (full 0):
 garbage-first heap   total 68608K, used 61319K [0x0000000081a00000, 0x0000000100000000)
  region size 1024K, 34 young (34816K), 3 survivors (3072K)
 Metaspace       used 66030K, committed 66624K, reserved 1114112K
  class space    used 9199K, committed 9408K, reserved 1048576K
}
Event: 19.771 GC heap after
{Heap after GC invocations=15 (full 0):
 garbage-first heap   total 68608K, used 32785K [0x0000000081a00000, 0x0000000100000000)
  region size 1024K, 5 young (5120K), 5 survivors (5120K)
 Metaspace       used 66030K, committed 66624K, reserved 1114112K
  class space    used 9199K, committed 9408K, reserved 1048576K
}
Event: 21.153 GC heap before
{Heap before GC invocations=15 (full 0):
 garbage-first heap   total 68608K, used 58385K [0x0000000081a00000, 0x0000000100000000)
  region size 1024K, 30 young (30720K), 5 survivors (5120K)
 Metaspace       used 70978K, committed 71552K, reserved 1114112K
  class space    used 9792K, committed 10048K, reserved 1048576K
}
Event: 21.174 GC heap after
{Heap after GC invocations=16 (full 0):
 garbage-first heap   total 68608K, used 35873K [0x0000000081a00000, 0x0000000100000000)
  region size 1024K, 4 young (4096K), 4 survivors (4096K)
 Metaspace       used 70978K, committed 71552K, reserved 1114112K
  class space    used 9792K, committed 10048K, reserved 1048576K
}
Event: 22.413 GC heap before
{Heap before GC invocations=16 (full 0):
 garbage-first heap   total 68608K, used 59425K [0x0000000081a00000, 0x0000000100000000)
  region size 1024K, 27 young (27648K), 4 survivors (4096K)
 Metaspace       used 74330K, committed 75008K, reserved 1114112K
  class space    used 10270K, committed 10560K, reserved 1048576K
}
Event: 22.432 GC heap after
{Heap after GC invocations=17 (full 0):
 garbage-first heap   total 82944K, used 38270K [0x0000000081a00000, 0x0000000100000000)
  region size 1024K, 3 young (3072K), 3 survivors (3072K)
 Metaspace       used 74330K, committed 75008K, reserved 1114112K
  class space    used 10270K, committed 10560K, reserved 1048576K
}
Event: 24.337 GC heap before
{Heap before GC invocations=18 (full 0):
 garbage-first heap   total 82944K, used 72062K [0x0000000081a00000, 0x0000000100000000)
  region size 1024K, 37 young (37888K), 3 survivors (3072K)
 Metaspace       used 79661K, committed 80320K, reserved 1179648K
  class space    used 11020K, committed 11328K, reserved 1048576K
}
Event: 24.356 GC heap after
{Heap after GC invocations=19 (full 0):
 garbage-first heap   total 82944K, used 41282K [0x0000000081a00000, 0x0000000100000000)
  region size 1024K, 5 young (5120K), 5 survivors (5120K)
 Metaspace       used 79661K, committed 80320K, reserved 1179648K
  class space    used 11020K, committed 11328K, reserved 1048576K
}

