# JRE version: Java(TM) SE Runtime Environment (21.0.1+12) (build 21.0.1+12-LTS-29)
# Java VM: Java HotSpot(TM) 64-Bit Server VM (21.0.1+12-LTS-29, mixed mode, sharing, tiered, compressed oops, compressed class ptrs, g1 gc, windows-amd64)
GC Precious Log:
 CardTable entry size: 512
 Card Set container configuration: InlinePtr #cards 5 size 8 Array Of Cards #cards 12 size 40 Howl #buckets 4 coarsen threshold 1843 Howl Bitmap #cards 512 size 80 coarsen threshold 460 Card regions per heap region 1 cards per card region 2048
 CPUs: 4 total, 4 available
 Memory: 8083M
 Large Page Support: Disabled
 NUMA Support: Disabled
 Compressed Oops: Enabled (32-bit)
 Heap Region Size: 1M
 Heap Min Capacity: 8M
 Heap Initial Capacity: 128M
 Heap Max Capacity: 2022M
 Pre-touch: Disabled
 Parallel Workers: 4
 Concurrent Workers: 1
 Concurrent Refinement Workers: 4
 Periodic GC: Disabled
Heap:
 garbage-first heap   total 78848K, used 39846K [0x0000000081a00000, 0x0000000100000000)
  region size 1024K, 5 young (5120K), 4 survivors (4096K)
 Metaspace       used 77356K, committed 78016K, reserved 1179648K
  class space    used 10878K, committed 11200K, reserved 1048576K
GC Heap History (20 events):
Event: 5.554 GC heap before
{Heap before GC invocations=5 (full 0):
 garbage-first heap   total 65536K, used 49561K [0x0000000081a00000, 0x0000000100000000)
  region size 1024K, 38 young (38912K), 6 survivors (6144K)
 Metaspace       used 26740K, committed 27072K, reserved 1114112K
  class space    used 3453K, committed 3584K, reserved 1048576K
}
Event: 5.565 GC heap after
{Heap after GC invocations=6 (full 0):
 garbage-first heap   total 65536K, used 19714K [0x0000000081a00000, 0x0000000100000000)
  region size 1024K, 4 young (4096K), 4 survivors (4096K)
 Metaspace       used 26740K, committed 27072K, reserved 1114112K
  class space    used 3453K, committed 3584K, reserved 1048576K
}
Event: 6.753 GC heap before
{Heap before GC invocations=6 (full 0):
 garbage-first heap   total 65536K, used 49410K [0x0000000081a00000, 0x0000000100000000)
  region size 1024K, 33 young (33792K), 4 survivors (4096K)
 Metaspace       used 30419K, committed 30784K, reserved 1114112K
  class space    used 3949K, committed 4160K, reserved 1048576K
}
Event: 6.763 GC heap after
{Heap after GC invocations=7 (full 0):
 garbage-first heap   total 65536K, used 21830K [0x0000000081a00000, 0x0000000100000000)
  region size 1024K, 3 young (3072K), 3 survivors (3072K)
 Metaspace       used 30419K, committed 30784K, reserved 1114112K
  class space    used 3949K, committed 4160K, reserved 1048576K
}
Event: 8.255 GC heap before
{Heap before GC invocations=7 (full 0):
 garbage-first heap   total 65536K, used 50502K [0x0000000081a00000, 0x0000000100000000)
  region size 1024K, 32 young (32768K), 3 survivors (3072K)
 Metaspace       used 34665K, committed 35136K, reserved 1114112K
  class space    used 4641K, committed 4864K, reserved 1048576K
}
Event: 8.271 GC heap after
{Heap after GC invocations=8 (full 0):
 garbage-first heap   total 65536K, used 24366K [0x0000000081a00000, 0x0000000100000000)
  region size 1024K, 3 young (3072K), 3 survivors (3072K)
 Metaspace       used 34665K, committed 35136K, reserved 1114112K
  class space    used 4641K, committed 4864K, reserved 1048576K
}
Event: 8.683 GC heap before
{Heap before GC invocations=8 (full 0):
 garbage-first heap   total 65536K, used 33582K [0x0000000081a00000, 0x0000000100000000)
  region size 1024K, 13 young (13312K), 3 survivors (3072K)
 Metaspace       used 35749K, committed 36160K, reserved 1114112K
  class space    used 4823K, committed 4992K, reserved 1048576K
}
Event: 8.694 GC heap after
{Heap after GC invocations=9 (full 0):
 garbage-first heap   total 65536K, used 25275K [0x0000000081a00000, 0x0000000100000000)
  region size 1024K, 1 young (1024K), 1 survivors (1024K)
 Metaspace       used 35749K, committed 36160K, reserved 1114112K
  class space    used 4823K, committed 4992K, reserved 1048576K
}
Event: 10.284 GC heap before
{Heap before GC invocations=10 (full 0):
 garbage-first heap   total 65536K, used 53947K [0x0000000081a00000, 0x0000000100000000)
  region size 1024K, 29 young (29696K), 1 survivors (1024K)
 Metaspace       used 42674K, committed 43200K, reserved 1114112K
  class space    used 5901K, committed 6144K, reserved 1048576K
}
Event: 10.294 GC heap after
{Heap after GC invocations=11 (full 0):
 garbage-first heap   total 65536K, used 26698K [0x0000000081a00000, 0x0000000100000000)
  region size 1024K, 3 young (3072K), 3 survivors (3072K)
 Metaspace       used 42674K, committed 43200K, reserved 1114112K
  class space    used 5901K, committed 6144K, reserved 1048576K
}
Event: 11.809 GC heap before
{Heap before GC invocations=11 (full 0):
 garbage-first heap   total 65536K, used 54346K [0x0000000081a00000, 0x0000000100000000)
  region size 1024K, 31 young (31744K), 3 survivors (3072K)
 Metaspace       used 50433K, committed 50944K, reserved 1114112K
  class space    used 6872K, committed 7104K, reserved 1048576K
}
Event: 11.822 GC heap after
{Heap after GC invocations=12 (full 0):
 garbage-first heap   total 65536K, used 28129K [0x0000000081a00000, 0x0000000100000000)
  region size 1024K, 4 young (4096K), 4 survivors (4096K)
 Metaspace       used 50433K, committed 50944K, reserved 1114112K
  class space    used 6872K, committed 7104K, reserved 1048576K
}
Event: 13.274 GC heap before
{Heap before GC invocations=12 (full 0):
 garbage-first heap   total 65536K, used 55777K [0x0000000081a00000, 0x0000000100000000)
  region size 1024K, 31 young (31744K), 4 survivors (4096K)
 Metaspace       used 58101K, committed 58624K, reserved 1114112K
  class space    used 8112K, committed 8320K, reserved 1048576K
}
Event: 13.285 GC heap after
{Heap after GC invocations=13 (full 0):
 garbage-first heap   total 65536K, used 29491K [0x0000000081a00000, 0x0000000100000000)
  region size 1024K, 3 young (3072K), 3 survivors (3072K)
 Metaspace       used 58101K, committed 58624K, reserved 1114112K
  class space    used 8112K, committed 8320K, reserved 1048576K
}
Event: 13.760 GC heap before
{Heap before GC invocations=13 (full 0):
 garbage-first heap   total 65536K, used 37683K [0x0000000081a00000, 0x0000000100000000)
  region size 1024K, 12 young (12288K), 3 survivors (3072K)
 Metaspace       used 60385K, committed 60928K, reserved 1114112K
  class space    used 8439K, committed 8704K, reserved 1048576K
}
Event: 13.769 GC heap after
{Heap after GC invocations=14 (full 0):
 garbage-first heap   total 65536K, used 29923K [0x0000000081a00000, 0x0000000100000000)
  region size 1024K, 2 young (2048K), 2 survivors (2048K)
 Metaspace       used 60385K, committed 60928K, reserved 1114112K
  class space    used 8439K, committed 8704K, reserved 1048576K
}
Event: 15.161 GC heap before
{Heap before GC invocations=15 (full 0):
 garbage-first heap   total 65536K, used 58595K [0x0000000081a00000, 0x0000000100000000)
  region size 1024K, 30 young (30720K), 2 survivors (2048K)
 Metaspace       used 65500K, committed 66048K, reserved 1114112K
  class space    used 9239K, committed 9472K, reserved 1048576K
}
Event: 15.173 GC heap after
{Heap after GC invocations=16 (full 0):
 garbage-first heap   total 78848K, used 32923K [0x0000000081a00000, 0x0000000100000000)
  region size 1024K, 4 young (4096K), 4 survivors (4096K)
 Metaspace       used 65500K, committed 66048K, reserved 1114112K
  class space    used 9239K, committed 9472K, reserved 1048576K
}
Event: 16.424 GC heap before
{Heap before GC invocations=16 (full 0):
 garbage-first heap   total 78848K, used 66715K [0x0000000081a00000, 0x0000000100000000)
  region size 1024K, 38 young (38912K), 4 survivors (4096K)
 Metaspace       used 72504K, committed 73088K, reserved 1114112K
  class space    used 10210K, committed 10496K, reserved 1048576K
}
Event: 16.442 GC heap after
{Heap after GC invocations=17 (full 0):
 garbage-first heap   total 78848K, used 36055K [0x0000000081a00000, 0x0000000100000000)
  region size 1024K, 4 young (4096K), 4 survivors (4096K)
 Metaspace       used 72504K, committed 73088K, reserved 1114112K
  class space    used 10210K, committed 10496K, reserved 1048576K
}

