# JRE version: Java(TM) SE Runtime Environment (21.0.1+12) (build 21.0.1+12-LTS-29)
# Java VM: Java HotSpot(TM) 64-Bit Server VM (21.0.1+12-LTS-29, mixed mode, sharing, tiered, compressed oops, compressed class ptrs, g1 gc, windows-amd64)
GC Precious Log:
 CardTable entry size: 512
 Card Set container configuration: InlinePtr #cards 5 size 8 Array Of Cards #cards 12 size 40 Howl #buckets 4 coarsen threshold 1843 Howl Bitmap #cards 512 size 80 coarsen threshold 460 Card regions per heap region 1 cards per card region 2048
 CPUs: 4 total, 4 available
 Memory: 8083M
 Large Page Support: Disabled
 NUMA Support: Disabled
 Compressed Oops: Enabled (32-bit)
 Heap Region Size: 1M
 Heap Min Capacity: 8M
 Heap Initial Capacity: 128M
 Heap Max Capacity: 2022M
 Pre-touch: Disabled
 Parallel Workers: 4
 Concurrent Workers: 1
 Concurrent Refinement Workers: 4
 Periodic GC: Disabled
Heap:
 garbage-first heap   total 68608K, used 49984K [0x0000000081a00000, 0x0000000100000000)
  region size 1024K, 23 young (23552K), 3 survivors (3072K)
 Metaspace       used 48792K, committed 49344K, reserved 1114112K
  class space    used 6686K, committed 6912K, reserved 1048576K
GC Heap History (18 events):
Event: 0.963 GC heap before
{Heap before GC invocations=0 (full 0):
 garbage-first heap   total 131072K, used 17408K [0x0000000081a00000, 0x0000000100000000)
  region size 1024K, 13 young (13312K), 0 survivors (0K)
 Metaspace       used 1652K, committed 1792K, reserved 1114112K
  class space    used 126K, committed 192K, reserved 1048576K
}
Event: 0.971 GC heap after
{Heap after GC invocations=1 (full 0):
 garbage-first heap   total 131072K, used 11671K [0x0000000081a00000, 0x0000000100000000)
  region size 1024K, 2 young (2048K), 2 survivors (2048K)
 Metaspace       used 1652K, committed 1792K, reserved 1114112K
  class space    used 126K, committed 192K, reserved 1048576K
}
Event: 1.524 GC heap before
{Heap before GC invocations=1 (full 0):
 garbage-first heap   total 131072K, used 19863K [0x0000000081a00000, 0x0000000100000000)
  region size 1024K, 11 young (11264K), 2 survivors (2048K)
 Metaspace       used 3895K, committed 4096K, reserved 1114112K
  class space    used 409K, committed 512K, reserved 1048576K
}
Event: 1.529 GC heap after
{Heap after GC invocations=2 (full 0):
 garbage-first heap   total 131072K, used 13839K [0x0000000081a00000, 0x0000000100000000)
  region size 1024K, 2 young (2048K), 2 survivors (2048K)
 Metaspace       used 3895K, committed 4096K, reserved 1114112K
  class space    used 409K, committed 512K, reserved 1048576K
}
Event: 2.621 GC heap before
{Heap before GC invocations=2 (full 0):
 garbage-first heap   total 131072K, used 30223K [0x0000000081a00000, 0x0000000100000000)
  region size 1024K, 18 young (18432K), 2 survivors (2048K)
 Metaspace       used 8570K, committed 8768K, reserved 1114112K
  class space    used 1032K, committed 1152K, reserved 1048576K
}
Event: 2.627 GC heap after
{Heap after GC invocations=3 (full 0):
 garbage-first heap   total 131072K, used 15244K [0x0000000081a00000, 0x0000000100000000)
  region size 1024K, 2 young (2048K), 2 survivors (2048K)
 Metaspace       used 8570K, committed 8768K, reserved 1114112K
  class space    used 1032K, committed 1152K, reserved 1048576K
}
Event: 5.539 GC heap before
{Heap before GC invocations=3 (full 0):
 garbage-first heap   total 131072K, used 70540K [0x0000000081a00000, 0x0000000100000000)
  region size 1024K, 58 young (59392K), 2 survivors (2048K)
 Metaspace       used 21183K, committed 21504K, reserved 1114112K
  class space    used 2802K, committed 2944K, reserved 1048576K
}
Event: 5.555 GC heap after
{Heap after GC invocations=4 (full 0):
 garbage-first heap   total 131072K, used 19117K [0x0000000081a00000, 0x0000000100000000)
  region size 1024K, 6 young (6144K), 6 survivors (6144K)
 Metaspace       used 21183K, committed 21504K, reserved 1114112K
  class space    used 2802K, committed 2944K, reserved 1048576K
}
Event: 6.867 GC heap before
{Heap before GC invocations=5 (full 0):
 garbage-first heap   total 68608K, used 52909K [0x0000000081a00000, 0x0000000100000000)
  region size 1024K, 40 young (40960K), 6 survivors (6144K)
 Metaspace       used 26902K, committed 27264K, reserved 1114112K
  class space    used 3477K, committed 3648K, reserved 1048576K
}
Event: 6.884 GC heap after
{Heap after GC invocations=6 (full 0):
 garbage-first heap   total 68608K, used 22917K [0x0000000081a00000, 0x0000000100000000)
  region size 1024K, 4 young (4096K), 4 survivors (4096K)
 Metaspace       used 26902K, committed 27264K, reserved 1114112K
  class space    used 3477K, committed 3648K, reserved 1048576K
}
Event: 8.700 GC heap before
{Heap before GC invocations=6 (full 0):
 garbage-first heap   total 68608K, used 53637K [0x0000000081a00000, 0x0000000100000000)
  region size 1024K, 34 young (34816K), 4 survivors (4096K)
 Metaspace       used 30945K, committed 31296K, reserved 1114112K
  class space    used 4100K, committed 4288K, reserved 1048576K
}
Event: 8.716 GC heap after
{Heap after GC invocations=7 (full 0):
 garbage-first heap   total 68608K, used 24699K [0x0000000081a00000, 0x0000000100000000)
  region size 1024K, 2 young (2048K), 2 survivors (2048K)
 Metaspace       used 30945K, committed 31296K, reserved 1114112K
  class space    used 4100K, committed 4288K, reserved 1048576K
}
Event: 10.696 GC heap before
{Heap before GC invocations=7 (full 0):
 garbage-first heap   total 68608K, used 55419K [0x0000000081a00000, 0x0000000100000000)
  region size 1024K, 32 young (32768K), 2 survivors (2048K)
 Metaspace       used 34784K, committed 35264K, reserved 1114112K
  class space    used 4654K, committed 4864K, reserved 1048576K
}
Event: 10.708 GC heap after
{Heap after GC invocations=8 (full 0):
 garbage-first heap   total 68608K, used 27527K [0x0000000081a00000, 0x0000000100000000)
  region size 1024K, 4 young (4096K), 4 survivors (4096K)
 Metaspace       used 34784K, committed 35264K, reserved 1114112K
  class space    used 4654K, committed 4864K, reserved 1048576K
}
Event: 11.234 GC heap before
{Heap before GC invocations=8 (full 0):
 garbage-first heap   total 68608K, used 34695K [0x0000000081a00000, 0x0000000100000000)
  region size 1024K, 12 young (12288K), 4 survivors (4096K)
 Metaspace       used 35471K, committed 35968K, reserved 1114112K
  class space    used 4765K, committed 4992K, reserved 1048576K
}
Event: 11.249 GC heap after
{Heap after GC invocations=9 (full 0):
 garbage-first heap   total 68608K, used 28719K [0x0000000081a00000, 0x0000000100000000)
  region size 1024K, 4 young (4096K), 4 survivors (4096K)
 Metaspace       used 35471K, committed 35968K, reserved 1114112K
  class space    used 4765K, committed 4992K, reserved 1048576K
}
Event: 13.091 GC heap before
{Heap before GC invocations=10 (full 0):
 garbage-first heap   total 68608K, used 57391K [0x0000000081a00000, 0x0000000100000000)
  region size 1024K, 32 young (32768K), 4 survivors (4096K)
 Metaspace       used 42521K, committed 43072K, reserved 1114112K
  class space    used 5880K, committed 6144K, reserved 1048576K
}
Event: 13.106 GC heap after
{Heap after GC invocations=11 (full 0):
 garbage-first heap   total 68608K, used 30528K [0x0000000081a00000, 0x0000000100000000)
  region size 1024K, 3 young (3072K), 3 survivors (3072K)
 Metaspace       used 42521K, committed 43072K, reserved 1114112K
  class space    used 5880K, committed 6144K, reserved 1048576K
}

